[debug] [2019-10-16T08:09:38.660Z] ----------------------------------------------------------------------
[debug] [2019-10-16T08:09:38.663Z] Command:       /Users/garethbedford/.nvm/versions/node/v11.6.0/bin/node /Users/garethbedford/.config/yarn/global/node_modules/.bin/firebase deploy
[debug] [2019-10-16T08:09:38.664Z] CLI Version:   6.3.1
[debug] [2019-10-16T08:09:38.664Z] Platform:      darwin
[debug] [2019-10-16T08:09:38.664Z] Node Version:  v11.6.0
[debug] [2019-10-16T08:09:38.672Z] Time:          Wed Oct 16 2019 15:09:38 GMT+0700 (Indochina Time)
[debug] [2019-10-16T08:09:38.672Z] ----------------------------------------------------------------------
[debug] 
[debug] [2019-10-16T08:09:38.698Z] > command requires scopes: ["email","openid","https://www.googleapis.com/auth/cloudplatformprojects.readonly","https://www.googleapis.com/auth/firebase","https://www.googleapis.com/auth/cloud-platform"]
[debug] [2019-10-16T08:09:38.699Z] > authorizing via signed-in user
[debug] [2019-10-16T08:09:38.699Z] [iam] checking project breederboard for permissions ["datastore.indexes.create","datastore.indexes.delete","datastore.indexes.list","datastore.indexes.update","firebase.projects.get","firebasehosting.sites.update"]
[debug] [2019-10-16T08:09:38.701Z] > refreshing access token with scopes: ["email","https://www.googleapis.com/auth/cloud-platform","https://www.googleapis.com/auth/cloudplatformprojects.readonly","https://www.googleapis.com/auth/firebase","openid"]
[debug] [2019-10-16T08:09:38.702Z] >>> HTTP REQUEST POST https://www.googleapis.com/oauth2/v3/token  
 <request body omitted>
[debug] [2019-10-16T08:09:48.650Z] <<< HTTP RESPONSE 200
[debug] [2019-10-16T08:09:48.720Z] >>> HTTP REQUEST POST https://cloudresourcemanager.googleapis.com/v1/projects/breederboard:testIamPermissions  

[debug] [2019-10-16T08:09:55.054Z] <<< HTTP RESPONSE 200
[debug] [2019-10-16T08:09:55.057Z] >>> HTTP REQUEST GET https://firebase.googleapis.com/v1beta1/projects/breederboard  
 
[debug] [2019-10-16T08:09:56.970Z] <<< HTTP RESPONSE 200
[info] 
[info] === Deploying to 'breederboard'...
[info] 
[info] i  deploying firestore, hosting
[info] i  firestore: checking firestore.rules for compilation errors...
[info] i  firestore: reading indexes from firestore.indexes.json...
[debug] [2019-10-16T08:09:56.983Z] >>> HTTP REQUEST POST https://firebaserules.googleapis.com/v1/projects/breederboard:test  

[debug] [2019-10-16T08:10:00.879Z] <<< HTTP RESPONSE 200
[info] ✔  firestore: rules file firestore.rules compiled successfully
[debug] [2019-10-16T08:10:00.882Z] >>> HTTP REQUEST POST https://firebasehosting.googleapis.com/v1beta1/sites/breederboard/versions  

[debug] [2019-10-16T08:10:04.083Z] <<< HTTP RESPONSE 200
[info] i  firestore: uploading rules firestore.rules...
[debug] [2019-10-16T08:10:04.089Z] >>> HTTP REQUEST POST https://firebaserules.googleapis.com/v1/projects/breederboard/rulesets  

[debug] [2019-10-16T08:10:04.090Z] >>> HTTP REQUEST GET https://firestore.googleapis.com/v1beta2/projects/breederboard/databases/(default)/collectionGroups/-/indexes  
 
[debug] [2019-10-16T08:10:05.474Z] <<< HTTP RESPONSE 200
[debug] [2019-10-16T08:10:05.475Z] [rules] created ruleset projects/breederboard/rulesets/1bbed1a1-028c-4283-b71c-4aeb38852dca
[debug] [2019-10-16T08:10:06.920Z] <<< HTTP RESPONSE 200
[debug] [2019-10-16T08:10:06.936Z] >>> HTTP REQUEST GET https://firestore.googleapis.com/v1beta2/projects/breederboard/databases/(default)/collectionGroups/-/fields?filter=indexConfig.usesAncestorConfig=false  
 
[debug] [2019-10-16T08:10:08.926Z] <<< HTTP RESPONSE 200
[info] ✔  firestore: deployed indexes in firestore.indexes.json successfully
[info] i  hosting[breederboard]: beginning deploy...
[info] i  hosting[breederboard]: found 30 files in build
[debug] [2019-10-16T08:10:08.959Z] [hosting] hash cache [YnVpbGQ] load error: lines is not defined
[debug] [2019-10-16T08:10:09.786Z] [hosting] hash cache [YnVpbGQ] stored for 30 files
[debug] [2019-10-16T08:10:09.787Z] [hosting][hash queue][FINAL]
[debug] [2019-10-16T08:10:09.787Z] >>> HTTP REQUEST POST https://firebasehosting.googleapis.com/v1beta1/sites/breederboard/versions/4fa7f2c3a42321bb:populateFiles  
 <request body omitted>
[debug] [2019-10-16T08:10:12.705Z] <<< HTTP RESPONSE 200
[debug] [2019-10-16T08:10:12.721Z] [hosting][populate queue][FINAL]
[debug] [2019-10-16T08:10:12.721Z] [hosting] uploads queued: 10
